[debug] [2022-10-07T04:09:02.853Z] ----------------------------------------------------------------------
[debug] [2022-10-07T04:09:02.855Z] Command:       C:\Program Files\nodejs\node.exe C:\Users\marce\AppData\Roaming\npm\node_modules\firebase-tools\lib\bin\firebase.js init
[debug] [2022-10-07T04:09:02.856Z] CLI Version:   11.14.1
[debug] [2022-10-07T04:09:02.856Z] Platform:      win32
[debug] [2022-10-07T04:09:02.856Z] Node Version:  v18.4.0
[debug] [2022-10-07T04:09:02.857Z] Time:          Fri Oct 07 2022 00:09:02 GMT-0400 (hora de Bolivia)
[debug] [2022-10-07T04:09:02.858Z] ----------------------------------------------------------------------
[debug] 
[debug] [2022-10-07T04:09:02.864Z] > command requires scopes: ["email","openid","https://www.googleapis.com/auth/cloudplatformprojects.readonly","https://www.googleapis.com/auth/firebase","https://www.googleapis.com/auth/cloud-platform"]
[debug] [2022-10-07T04:09:02.865Z] > authorizing via signed-in user (marcelomendezlaruta09@gmail.com)
[info] 
     ######## #### ########  ######## ########     ###     ######  ########
     ##        ##  ##     ## ##       ##     ##  ##   ##  ##       ##
     ######    ##  ########  ######   ########  #########  ######  ######
     ##        ##  ##    ##  ##       ##     ## ##     ##       ## ##
     ##       #### ##     ## ######## ########  ##     ##  ######  ########

You're about to initialize a Firebase project in this directory:

  C:\Users\marce\Projects\happy-pets

[info] 
=== Project Setup
[info] 
[info] First, let's associate this project directory with a Firebase project.
[info] You can create multiple project aliases by running firebase use --add, 
[info] but for now we'll just set up a default project.
[info] 
[debug] [2022-10-07T04:09:20.029Z] >>> [apiv2][query] GET https://firebase.googleapis.com/v1beta1/projects pageSize=100
[debug] [2022-10-07T04:09:20.557Z] <<< [apiv2][status] GET https://firebase.googleapis.com/v1beta1/projects 200
[debug] [2022-10-07T04:09:20.558Z] <<< [apiv2][body] GET https://firebase.googleapis.com/v1beta1/projects [omitted]
[info] i  Using project happypets-bf721 (HappyPets) 
[info] 
=== Firestore Setup
[debug] [2022-10-07T04:09:21.363Z] >>> [apiv2][query] GET https://serviceusage.googleapis.com/v1/projects/happypets-bf721/services/firestore.googleapis.com [none]
[debug] [2022-10-07T04:09:21.363Z] >>> [apiv2][(partial)header] GET https://serviceusage.googleapis.com/v1/projects/happypets-bf721/services/firestore.googleapis.com x-goog-quota-user=projects/happypets-bf721
[debug] [2022-10-07T04:09:22.494Z] <<< [apiv2][status] GET https://serviceusage.googleapis.com/v1/projects/happypets-bf721/services/firestore.googleapis.com 200
[debug] [2022-10-07T04:09:22.494Z] <<< [apiv2][body] GET https://serviceusage.googleapis.com/v1/projects/happypets-bf721/services/firestore.googleapis.com [omitted]
[debug] [2022-10-07T04:09:22.494Z] >>> [apiv2][query] GET https://appengine.googleapis.com/v1/apps/happypets-bf721 [none]
[debug] [2022-10-07T04:09:23.210Z] <<< [apiv2][status] GET https://appengine.googleapis.com/v1/apps/happypets-bf721 200
[debug] [2022-10-07T04:09:23.211Z] <<< [apiv2][body] GET https://appengine.googleapis.com/v1/apps/happypets-bf721 {"name":"apps/happypets-bf721","id":"happypets-bf721","authDomain":"gmail.com","locationId":"us-central","codeBucket":"staging.happypets-bf721.appspot.com","servingStatus":"SERVING","defaultHostname":"happypets-bf721.uc.r.appspot.com","defaultBucket":"happypets-bf721.appspot.com","serviceAccount":"happypets-bf721@appspot.gserviceaccount.com","gcrDomain":"us.gcr.io","databaseType":"CLOUD_FIRESTORE","featureSettings":{"splitHealthChecks":true,"useContainerOptimizedOs":true}}
[debug] [2022-10-07T04:09:23.211Z] database_type: CLOUD_FIRESTORE
[debug] [2022-10-07T04:09:23.211Z] > command requires scopes: ["email","openid","https://www.googleapis.com/auth/cloudplatformprojects.readonly","https://www.googleapis.com/auth/firebase","https://www.googleapis.com/auth/cloud-platform"]
[debug] [2022-10-07T04:09:23.211Z] > authorizing via signed-in user (marcelomendezlaruta09@gmail.com)
[debug] [2022-10-07T04:09:23.211Z] [iam] checking project happypets-bf721 for permissions ["firebase.projects.get"]
[debug] [2022-10-07T04:09:23.211Z] >>> [apiv2][query] POST https://cloudresourcemanager.googleapis.com/v1/projects/happypets-bf721:testIamPermissions [none]
[debug] [2022-10-07T04:09:23.211Z] >>> [apiv2][(partial)header] POST https://cloudresourcemanager.googleapis.com/v1/projects/happypets-bf721:testIamPermissions x-goog-quota-user=projects/happypets-bf721
[debug] [2022-10-07T04:09:23.211Z] >>> [apiv2][body] POST https://cloudresourcemanager.googleapis.com/v1/projects/happypets-bf721:testIamPermissions {"permissions":["firebase.projects.get"]}
[debug] [2022-10-07T04:09:24.221Z] <<< [apiv2][status] POST https://cloudresourcemanager.googleapis.com/v1/projects/happypets-bf721:testIamPermissions 200
[debug] [2022-10-07T04:09:24.221Z] <<< [apiv2][body] POST https://cloudresourcemanager.googleapis.com/v1/projects/happypets-bf721:testIamPermissions {"permissions":["firebase.projects.get"]}
[info] 
[info] Firestore Security Rules allow you to define how and when to allow
[info] requests. You can keep these rules in your project directory
[info] and publish them with firebase deploy.
[info] 
[debug] [2022-10-07T04:09:27.359Z] >>> [apiv2][query] GET https://firebaserules.googleapis.com/v1/projects/happypets-bf721/releases pageSize=10&pageToken=
[debug] [2022-10-07T04:09:28.391Z] <<< [apiv2][status] GET https://firebaserules.googleapis.com/v1/projects/happypets-bf721/releases 200
[debug] [2022-10-07T04:09:28.391Z] <<< [apiv2][body] GET https://firebaserules.googleapis.com/v1/projects/happypets-bf721/releases {"releases":[{"name":"projects/happypets-bf721/releases/cloud.firestore","rulesetName":"projects/happypets-bf721/rulesets/800e6e31-ac49-4810-b134-16530b95e62d","createTime":"2022-10-07T04:07:29.983882Z","updateTime":"2022-10-07T04:07:29.983882Z"}]}
[debug] [2022-10-07T04:09:28.391Z] Found ruleset: projects/happypets-bf721/rulesets/800e6e31-ac49-4810-b134-16530b95e62d
[debug] [2022-10-07T04:09:28.392Z] >>> [apiv2][query] GET https://firebaserules.googleapis.com/v1/projects/happypets-bf721/rulesets/800e6e31-ac49-4810-b134-16530b95e62d [none]
[debug] [2022-10-07T04:09:29.447Z] <<< [apiv2][status] GET https://firebaserules.googleapis.com/v1/projects/happypets-bf721/rulesets/800e6e31-ac49-4810-b134-16530b95e62d 200
[debug] [2022-10-07T04:09:29.447Z] <<< [apiv2][body] GET https://firebaserules.googleapis.com/v1/projects/happypets-bf721/rulesets/800e6e31-ac49-4810-b134-16530b95e62d [omitted]
[info] 
[info] Firestore indexes allow you to perform complex queries while
[info] maintaining performance that scales with the size of the result
[info] set. You can keep index definitions in your project directory
[info] and publish them with firebase deploy.
[info] 
[debug] [2022-10-07T04:09:34.066Z] >>> [apiv2][query] GET https://firestore.googleapis.com/v1/projects/happypets-bf721/databases/(default)/collectionGroups/-/indexes [none]
[debug] [2022-10-07T04:09:34.068Z] >>> [apiv2][query] GET https://firestore.googleapis.com/v1/projects/happypets-bf721/databases/(default)/collectionGroups/-/fields?filter=indexConfig.usesAncestorConfig=false [none]
[debug] [2022-10-07T04:09:35.149Z] <<< [apiv2][status] GET https://firestore.googleapis.com/v1/projects/happypets-bf721/databases/(default)/collectionGroups/-/indexes 200
[debug] [2022-10-07T04:09:35.150Z] <<< [apiv2][body] GET https://firestore.googleapis.com/v1/projects/happypets-bf721/databases/(default)/collectionGroups/-/indexes {}
[debug] [2022-10-07T04:09:35.292Z] <<< [apiv2][status] GET https://firestore.googleapis.com/v1/projects/happypets-bf721/databases/(default)/collectionGroups/-/fields?filter=indexConfig.usesAncestorConfig=false 200
[debug] [2022-10-07T04:09:35.292Z] <<< [apiv2][body] GET https://firestore.googleapis.com/v1/projects/happypets-bf721/databases/(default)/collectionGroups/-/fields?filter=indexConfig.usesAncestorConfig=false {"fields":[{"name":"projects/happypets-bf721/databases/(default)/collectionGroups/__default__/fields/*","indexConfig":{"indexes":[{"queryScope":"COLLECTION","fields":[{"fieldPath":"*","order":"ASCENDING"}],"state":"READY"},{"queryScope":"COLLECTION","fields":[{"fieldPath":"*","order":"DESCENDING"}],"state":"READY"},{"queryScope":"COLLECTION","fields":[{"fieldPath":"*","arrayConfig":"CONTAINS"}],"state":"READY"}]}}]}
[info] 
=== Hosting Setup
[info] 
[info] Your public directory is the folder (relative to your project directory) that
[info] will contain Hosting assets to be uploaded with firebase deploy. If you
[info] have a build process for your assets, use your build's output directory.
[info] 
